time="2023-07-23T12:00:39Z" level=info msg="init function log check"
time="2023-07-23T12:00:39Z" level=info msg="db connection succeeded."
time="2023-07-23T12:00:39Z" level=info msg="db is responding"
time="2023-07-23T12:00:39Z" level=info msg="about to drop table if exists"
time="2023-07-23T12:00:39Z" level=info msg="drop table suceeded"
time="2023-07-23T12:00:39Z" level=info msg="about to create table"
time="2023-07-23T12:00:39Z" level=info msg="table creation succeeded"
time="2023-07-23T12:00:39Z" level=info msg="database seeding suceeded."
time="2023-07-23T12:00:57Z" level=info msg="stringtest success"
time="2023-07-23T12:00:57Z" level=info msg="{\"temperature\": 69.46, \"datetime\": \"2023-07-23 08:00:57.820195\"}"
time="2023-07-23T12:00:57Z" level=warning msg="shouldBind error: EOF"
time="2023-07-23T12:00:57Z" level=info
time="2023-07-23T12:00:57Z" level=warning msg="InsertRow() error: Error 1265 (01000): Data truncated for column 'temperature' at row 1"
time="2023-07-23T12:01:50Z" level=info msg="init function log check"
time="2023-07-23T12:01:50Z" level=info msg="db connection succeeded."
time="2023-07-23T12:01:50Z" level=info msg="db is responding"
time="2023-07-23T12:01:50Z" level=info msg="about to drop table if exists"
time="2023-07-23T12:01:50Z" level=info msg="drop table suceeded"
time="2023-07-23T12:01:50Z" level=info msg="about to create table"
time="2023-07-23T12:01:50Z" level=info msg="table creation succeeded"
time="2023-07-23T12:01:50Z" level=info msg="database seeding suceeded."
time="2023-07-23T12:02:02Z" level=warning msg="shouldBind error: json: cannot unmarshal string into Go value of type database.Reading"
time="2023-07-23T12:02:02Z" level=info
time="2023-07-23T12:02:02Z" level=warning msg="InsertRow() error: Error 1265 (01000): Data truncated for column 'temperature' at row 1"
time="2023-07-23T12:11:49Z" level=warning msg="shouldBind error: invalid character 'e' in literal true (expecting 'r')"
time="2023-07-23T12:11:49Z" level=info
time="2023-07-23T12:11:49Z" level=warning msg="InsertRow() error: Error 1265 (01000): Data truncated for column 'temperature' at row 1"
time="2023-07-23T12:13:25Z" level=info msg="shouldBind success?:"
time="2023-07-23T12:13:25Z" level=info msg="2023-07-21 19:28:00.492077"
time="2023-07-23T12:13:25Z" level=info msg="temp: 50.4, time: 824638070896"
time="2023-07-23T12:13:25Z" level=info msg="2023-07-21 19:28:00.492077"
time="2023-07-23T17:43:59Z" level=warning msg="shouldBind error: invalid character 'e' in literal true (expecting 'r')"
time="2023-07-23T17:43:59Z" level=info
time="2023-07-23T17:43:59Z" level=warning msg="InsertRow() error: Error 1265 (01000): Data truncated for column 'temperature' at row 1"
time="2023-07-23T17:49:22Z" level=warning msg="shouldBind error: json: cannot unmarshal bool into Go value of type database.Reading"
time="2023-07-23T17:49:22Z" level=info
time="2023-07-23T17:49:22Z" level=warning msg="InsertRow() error: Error 1265 (01000): Data truncated for column 'temperature' at row 1"
time="2023-07-23T17:50:12Z" level=warning msg="shouldBind error: invalid character 'm' in literal true (expecting 'e')"
time="2023-07-23T17:50:12Z" level=info
time="2023-07-23T17:50:12Z" level=warning msg="InsertRow() error: Error 1265 (01000): Data truncated for column 'temperature' at row 1"
time="2023-07-23T17:50:44Z" level=info msg="shouldBind success?:"
time="2023-07-23T17:50:44Z" level=info msg="2023-07-21 19:28:00.492077"
time="2023-07-23T17:50:44Z" level=info msg="temp: 50.4, time: 824638070896"
time="2023-07-23T17:50:44Z" level=info msg="2023-07-21 19:28:00.492077"
time="2023-07-23T17:51:52Z" level=info msg="shouldBind success?:"
time="2023-07-23T17:51:52Z" level=info msg="2023-07-21 19:28:00.492077"
time="2023-07-23T17:51:52Z" level=info msg="temp: 50.4, time: 824634572944"
time="2023-07-23T17:51:52Z" level=info msg="2023-07-21 19:28:00.492077"
time="2023-07-23T17:52:08Z" level=info msg="shouldBind success?:"
time="2023-07-23T17:52:08Z" level=info msg="2023-07-21 19:28:00.492077"
time="2023-07-23T17:52:08Z" level=info msg="temp: 50.4, time: 824634175280"
time="2023-07-23T17:52:08Z" level=info msg="2023-07-21 19:28:00.492077"
time="2023-07-23T17:55:59Z" level=warning msg="shouldBind error: json: cannot unmarshal number into Go struct field Reading.temperature of type string"
time="2023-07-23T17:55:59Z" level=info msg="2023-07-23 13:55:59.174894"
time="2023-07-23T17:55:59Z" level=warning msg="InsertRow() error: Error 1265 (01000): Data truncated for column 'temperature' at row 1"
time="2023-07-23T17:57:57Z" level=info msg="init function log check"
time="2023-07-23T17:57:57Z" level=info msg="db connection succeeded."
time="2023-07-23T17:57:57Z" level=info msg="db is responding"
time="2023-07-23T17:57:57Z" level=info msg="about to drop table if exists"
time="2023-07-23T17:57:57Z" level=info msg="drop table suceeded"
time="2023-07-23T17:57:57Z" level=info msg="about to create table"
time="2023-07-23T17:57:57Z" level=info msg="table creation succeeded"
time="2023-07-23T17:57:57Z" level=info msg="database seeding suceeded."
time="2023-07-23T17:58:10Z" level=info msg="shouldBind success?:"
time="2023-07-23T17:58:10Z" level=info msg="2023-07-23 13:58:10.272003"
time="2023-07-23T17:58:10Z" level=info msg="temp: %!s(float32=62.85), time: 824633797880"
time="2023-07-23T17:58:10Z" level=info msg="2023-07-23 13:58:10.272003"
time="2023-07-23T18:01:07Z" level=info msg="shouldBind success?:"
time="2023-07-23T18:01:07Z" level=info msg="2023-07-23 14:01:07.612347"
time="2023-07-23T18:01:07Z" level=info msg="temp: %!s(float32=63.87), time: 824633794640"
time="2023-07-23T18:01:07Z" level=info msg="2023-07-23 14:01:07.612347"
time="2023-07-23T18:02:43Z" level=info msg="shouldBind success?:"
time="2023-07-23T18:02:43Z" level=info msg="2023-07-23 14:02:43.909069"
time="2023-07-23T18:02:43Z" level=info msg="temp: %!s(float32=67.26), time: 824634400896"
time="2023-07-23T18:02:43Z" level=info msg="2023-07-23 14:02:43.909069"
time="2023-07-23T18:04:16Z" level=info msg="shouldBind success?:"
time="2023-07-23T18:04:16Z" level=info msg="2023-07-23 14:04:16.364201"
time="2023-07-23T18:04:16Z" level=info msg="temp: %!s(float32=66.6), time: 824634417232"
time="2023-07-23T18:04:16Z" level=info msg="2023-07-23 14:04:16.364201"
time="2023-07-23T18:04:36Z" level=info msg="shouldBind success?:"
time="2023-07-23T18:04:36Z" level=info msg="2023-07-23 14:04:36.795589"
time="2023-07-23T18:04:36Z" level=info msg="temp: %!s(float32=69.7), time: 824634417496"
time="2023-07-23T18:04:36Z" level=info msg="2023-07-23 14:04:36.795589"
time="2023-07-23T18:07:03Z" level=info msg="shouldBind success?:"
time="2023-07-23T18:07:03Z" level=info msg="2023-07-23 14:07:03.385803"
time="2023-07-23T18:07:03Z" level=info msg="temp: %!s(float32=66.63), time: 824634417232"
time="2023-07-23T18:07:03Z" level=info msg="2023-07-23 14:07:03.385803"
time="2023-07-23T18:13:55Z" level=info msg="shouldBind success?:"
time="2023-07-23T18:13:55Z" level=info msg="2023-07-23 14:13:55.684035"
time="2023-07-23T18:13:55Z" level=info msg="temp: %!s(float32=67.07), time: 824633796344"
time="2023-07-23T18:13:55Z" level=info msg="2023-07-23 14:13:55.684035"
time="2023-07-23T20:45:08Z" level=info msg="init function log check"
time="2023-07-23T20:45:08Z" level=info msg="db connection succeeded."
time="2023-07-23T20:45:08Z" level=info msg="db is responding"
time="2023-07-23T20:45:08Z" level=info msg="about to drop table if exists"
time="2023-07-23T20:45:08Z" level=info msg="drop table suceeded"
time="2023-07-23T20:45:08Z" level=info msg="about to create table"
time="2023-07-23T20:45:08Z" level=info msg="table creation succeeded"
time="2023-07-23T20:45:08Z" level=info msg="database seeding suceeded."
time="2023-07-23T20:45:48Z" level=info msg="init function log check"
time="2023-07-23T20:45:48Z" level=info msg="db connection succeeded."
time="2023-07-23T20:45:48Z" level=info msg="db is responding"
time="2023-07-23T20:45:48Z" level=info msg="about to drop table if exists"
time="2023-07-23T20:45:48Z" level=info msg="drop table suceeded"
time="2023-07-23T20:45:48Z" level=info msg="about to create table"
time="2023-07-23T20:45:48Z" level=info msg="table creation succeeded"
time="2023-07-23T20:45:48Z" level=info msg="database seeding suceeded."
time="2023-07-23T20:46:17Z" level=info msg="init function log check"
time="2023-07-23T20:46:17Z" level=info msg="db connection succeeded."
time="2023-07-23T20:46:17Z" level=info msg="db is responding"
time="2023-07-23T20:46:17Z" level=info msg="about to drop table if exists"
time="2023-07-23T20:46:18Z" level=info msg="drop table suceeded"
time="2023-07-23T20:46:18Z" level=info msg="about to create table"
time="2023-07-23T20:46:18Z" level=info msg="table creation succeeded"
time="2023-07-23T20:46:18Z" level=info msg="database seeding suceeded."
time="2023-07-23T20:46:51Z" level=info msg="init function log check"
time="2023-07-23T20:46:51Z" level=info msg="db connection succeeded."
time="2023-07-23T20:46:51Z" level=info msg="db is responding"
time="2023-07-23T20:46:51Z" level=info msg="about to drop table if exists"
time="2023-07-23T20:46:51Z" level=info msg="drop table suceeded"
time="2023-07-23T20:46:51Z" level=info msg="about to create table"
time="2023-07-23T20:46:51Z" level=info msg="table creation succeeded"
time="2023-07-23T20:46:51Z" level=info msg="database seeding suceeded."
time="2023-07-23T20:47:01Z" level=info msg="init function log check"
time="2023-07-23T20:47:01Z" level=info msg="db connection succeeded."
time="2023-07-23T20:47:01Z" level=info msg="db is responding"
time="2023-07-23T20:47:01Z" level=info msg="about to drop table if exists"
time="2023-07-23T20:47:01Z" level=info msg="drop table suceeded"
time="2023-07-23T20:47:01Z" level=info msg="about to create table"
time="2023-07-23T20:47:01Z" level=info msg="table creation succeeded"
time="2023-07-23T20:47:01Z" level=info msg="database seeding suceeded."
time="2023-07-23T20:47:36Z" level=info msg="shouldBind success?:"
time="2023-07-23T20:47:36Z" level=info msg="2023-07-23 16:47:36.167485"
time="2023-07-23T20:47:36Z" level=info msg="temp: 67.190002, time: 824640340048"
time="2023-07-23T20:47:36Z" level=info msg="2023-07-23 16:47:36.167485"
time="2023-07-23T20:47:54Z" level=info msg="shouldBind success?:"
time="2023-07-23T20:47:54Z" level=info msg="2023-07-23 16:47:54.839414"
time="2023-07-23T20:47:54Z" level=info msg="temp: 63.160000, time: 824636097984"
time="2023-07-23T20:47:54Z" level=info msg="2023-07-23 16:47:54.839414"
time="2023-07-23T20:48:04Z" level=info msg="shouldBind success?:"
time="2023-07-23T20:48:04Z" level=info msg="2023-07-23 16:48:04.472384"
time="2023-07-23T20:48:04Z" level=info msg="temp: 60.790001, time: 824636101344"
time="2023-07-23T20:48:04Z" level=info msg="2023-07-23 16:48:04.472384"
time="2023-07-23T20:48:05Z" level=info msg="shouldBind success?:"
time="2023-07-23T20:48:05Z" level=info msg="2023-07-23 16:48:05.843426"
time="2023-07-23T20:48:05Z" level=info msg="temp: 64.440002, time: 824640343456"
time="2023-07-23T20:48:05Z" level=info msg="2023-07-23 16:48:05.843426"
time="2023-07-23T20:48:06Z" level=info msg="shouldBind success?:"
time="2023-07-23T20:48:06Z" level=info msg="2023-07-23 16:48:06.684048"
time="2023-07-23T20:48:06Z" level=info msg="temp: 61.150002, time: 824640343672"
time="2023-07-23T20:48:06Z" level=info msg="2023-07-23 16:48:06.684048"
time="2023-07-28T21:34:39Z" level=info msg="init function log check"
time="2023-07-28T21:34:39Z" level=info msg="db connection succeeded."
time="2023-07-28T21:34:39Z" level=info msg="db is responding"
time="2023-07-28T21:34:39Z" level=info msg="about to drop table if exists"
time="2023-07-28T21:34:39Z" level=info msg="drop table suceeded"
time="2023-07-28T21:34:39Z" level=info msg="about to create table"
time="2023-07-28T21:34:39Z" level=info msg="table creation succeeded"
time="2023-07-28T21:34:39Z" level=info msg="database seeding suceeded."
time="2023-07-29T16:02:46Z" level=info msg="init function log check"
time="2023-07-29T16:02:46Z" level=info msg="db connection succeeded."
time="2023-07-29T16:02:46Z" level=info msg="db is responding"
time="2023-07-29T16:02:46Z" level=info msg="about to drop table if exists"
time="2023-07-29T16:02:46Z" level=info msg="drop table suceeded"
time="2023-07-29T16:02:46Z" level=info msg="about to create table"
time="2023-07-29T16:02:46Z" level=info msg="table creation succeeded"
time="2023-07-29T16:02:46Z" level=info msg="database seeding suceeded."
